# JRE version: OpenJDK Runtime Environment Microsoft-8035246 (17.0.8+7) (build 17.0.8+7-LTS)
# Java VM: OpenJDK 64-Bit Server VM Microsoft-8035246 (17.0.8+7-LTS, mixed mode, sharing, tiered, compressed oops, compressed class ptrs, g1 gc, windows-amd64)
GC Precious Log:
 CPUs: 4 total, 4 available
 Memory: 3643M
 Large Page Support: Disabled
 NUMA Support: Disabled
 Compressed Oops: Enabled (Zero based)
 Heap Region Size: 4M
 Heap Min Capacity: 8M
 Heap Initial Capacity: 60M
 Heap Max Capacity: 4608M
 Pre-touch: Disabled
 Parallel Workers: 4
 Concurrent Workers: 1
 Concurrent Refinement Workers: 4
 Periodic GC: Disabled
Heap:
 garbage-first heap   total 196608K, used 137907K [0x00000006e0000000, 0x0000000800000000)
  region size 4096K, 5 young (20480K), 2 survivors (8192K)
 Metaspace       used 78806K, committed 80064K, reserved 1179648K
  class space    used 10927K, committed 11456K, reserved 1048576K
GC Heap History (20 events):
Event: 23.711 GC heap before
{Heap before GC invocations=49 (full 0):
 garbage-first heap   total 135168K, used 103521K [0x00000006e0000000, 0x0000000800000000)
  region size 4096K, 9 young (36864K), 2 survivors (8192K)
 Metaspace       used 69852K, committed 70656K, reserved 1114112K
  class space    used 9634K, committed 9984K, reserved 1048576K
}
Event: 23.723 GC heap after
{Heap after GC invocations=50 (full 0):
 garbage-first heap   total 135168K, used 76492K [0x00000006e0000000, 0x0000000800000000)
  region size 4096K, 2 young (8192K), 2 survivors (8192K)
 Metaspace       used 69852K, committed 70656K, reserved 1114112K
  class space    used 9634K, committed 9984K, reserved 1048576K
}
Event: 24.576 GC heap before
{Heap before GC invocations=50 (full 0):
 garbage-first heap   total 135168K, used 105164K [0x00000006e0000000, 0x0000000800000000)
  region size 4096K, 9 young (36864K), 2 survivors (8192K)
 Metaspace       used 72331K, committed 73088K, reserved 1114112K
  class space    used 9983K, committed 10304K, reserved 1048576K
}
Event: 24.589 GC heap after
{Heap after GC invocations=51 (full 0):
 garbage-first heap   total 135168K, used 78515K [0x00000006e0000000, 0x0000000800000000)
  region size 4096K, 1 young (4096K), 1 survivors (4096K)
 Metaspace       used 72331K, committed 73088K, reserved 1114112K
  class space    used 9983K, committed 10304K, reserved 1048576K
}
Event: 25.180 GC heap before
{Heap before GC invocations=51 (full 0):
 garbage-first heap   total 135168K, used 107187K [0x00000006e0000000, 0x0000000800000000)
  region size 4096K, 8 young (32768K), 1 survivors (4096K)
 Metaspace       used 73317K, committed 74048K, reserved 1114112K
  class space    used 10161K, committed 10496K, reserved 1048576K
}
Event: 25.192 GC heap after
{Heap after GC invocations=52 (full 0):
 garbage-first heap   total 135168K, used 81850K [0x00000006e0000000, 0x0000000800000000)
  region size 4096K, 1 young (4096K), 1 survivors (4096K)
 Metaspace       used 73317K, committed 74048K, reserved 1114112K
  class space    used 10161K, committed 10496K, reserved 1048576K
}
Event: 25.811 GC heap before
{Heap before GC invocations=52 (full 0):
 garbage-first heap   total 135168K, used 110522K [0x00000006e0000000, 0x0000000800000000)
  region size 4096K, 8 young (32768K), 1 survivors (4096K)
 Metaspace       used 74522K, committed 75328K, reserved 1114112K
  class space    used 10337K, committed 10688K, reserved 1048576K
}
Event: 25.825 GC heap after
{Heap after GC invocations=53 (full 0):
 garbage-first heap   total 163840K, used 85339K [0x00000006e0000000, 0x0000000800000000)
  region size 4096K, 1 young (4096K), 1 survivors (4096K)
 Metaspace       used 74522K, committed 75328K, reserved 1114112K
  class space    used 10337K, committed 10688K, reserved 1048576K
}
Event: 27.463 GC heap before
{Heap before GC invocations=53 (full 0):
 garbage-first heap   total 163840K, used 130395K [0x00000006e0000000, 0x0000000800000000)
  region size 4096K, 12 young (49152K), 1 survivors (4096K)
 Metaspace       used 76006K, committed 76928K, reserved 1179648K
  class space    used 10514K, committed 10944K, reserved 1048576K
}
Event: 27.481 GC heap after
{Heap after GC invocations=54 (full 0):
 garbage-first heap   total 163840K, used 94208K [0x00000006e0000000, 0x0000000800000000)
  region size 4096K, 2 young (8192K), 2 survivors (8192K)
 Metaspace       used 76006K, committed 76928K, reserved 1179648K
  class space    used 10514K, committed 10944K, reserved 1048576K
}
Event: 28.727 GC heap before
{Heap before GC invocations=54 (full 0):
 garbage-first heap   total 163840K, used 131072K [0x00000006e0000000, 0x0000000800000000)
  region size 4096K, 11 young (45056K), 2 survivors (8192K)
 Metaspace       used 77222K, committed 78336K, reserved 1179648K
  class space    used 10710K, committed 11200K, reserved 1048576K
}
Event: 28.743 GC heap after
{Heap after GC invocations=55 (full 0):
 garbage-first heap   total 163840K, used 100758K [0x00000006e0000000, 0x0000000800000000)
  region size 4096K, 2 young (8192K), 2 survivors (8192K)
 Metaspace       used 77222K, committed 78336K, reserved 1179648K
  class space    used 10710K, committed 11200K, reserved 1048576K
}
Event: 29.301 GC heap before
{Heap before GC invocations=55 (full 0):
 garbage-first heap   total 163840K, used 125334K [0x00000006e0000000, 0x0000000800000000)
  region size 4096K, 8 young (32768K), 2 survivors (8192K)
 Metaspace       used 77559K, committed 78656K, reserved 1179648K
  class space    used 10753K, committed 11200K, reserved 1048576K
}
Event: 29.315 GC heap after
{Heap after GC invocations=56 (full 0):
 garbage-first heap   total 163840K, used 105934K [0x00000006e0000000, 0x0000000800000000)
  region size 4096K, 1 young (4096K), 1 survivors (4096K)
 Metaspace       used 77559K, committed 78656K, reserved 1179648K
  class space    used 10753K, committed 11200K, reserved 1048576K
}
Event: 29.772 GC heap before
{Heap before GC invocations=56 (full 0):
 garbage-first heap   total 163840K, used 130510K [0x00000006e0000000, 0x0000000800000000)
  region size 4096K, 7 young (28672K), 1 survivors (4096K)
 Metaspace       used 77975K, committed 79104K, reserved 1179648K
  class space    used 10803K, committed 11328K, reserved 1048576K
}
Event: 29.783 GC heap after
{Heap after GC invocations=57 (full 0):
 garbage-first heap   total 196608K, used 110592K [0x00000006e0000000, 0x0000000800000000)
  region size 4096K, 1 young (4096K), 1 survivors (4096K)
 Metaspace       used 77975K, committed 79104K, reserved 1179648K
  class space    used 10803K, committed 11328K, reserved 1048576K
}
Event: 30.725 GC heap before
{Heap before GC invocations=57 (full 0):
 garbage-first heap   total 196608K, used 147456K [0x00000006e0000000, 0x0000000800000000)
  region size 4096K, 11 young (45056K), 1 survivors (4096K)
 Metaspace       used 78401K, committed 79616K, reserved 1179648K
  class space    used 10868K, committed 11392K, reserved 1048576K
}
Event: 30.736 GC heap after
{Heap after GC invocations=58 (full 0):
 garbage-first heap   total 196608K, used 121301K [0x00000006e0000000, 0x0000000800000000)
  region size 4096K, 2 young (8192K), 2 survivors (8192K)
 Metaspace       used 78401K, committed 79616K, reserved 1179648K
  class space    used 10868K, committed 11392K, reserved 1048576K
}
Event: 31.610 GC heap before
{Heap before GC invocations=58 (full 0):
 garbage-first heap   total 196608K, used 154069K [0x00000006e0000000, 0x0000000800000000)
  region size 4096K, 10 young (40960K), 2 survivors (8192K)
 Metaspace       used 78738K, committed 80000K, reserved 1179648K
  class space    used 10919K, committed 11456K, reserved 1048576K
}
Event: 31.623 GC heap after
{Heap after GC invocations=59 (full 0):
 garbage-first heap   total 196608K, used 129715K [0x00000006e0000000, 0x0000000800000000)
  region size 4096K, 2 young (8192K), 2 survivors (8192K)
 Metaspace       used 78738K, committed 80000K, reserved 1179648K
  class space    used 10919K, committed 11456K, reserved 1048576K
}

